<?xml version="1.0" encoding="UTF-8"?>
<!-- Generated by org.testng.reporters.JUnitReportReporter -->
<testsuite hostname="DESKTOP-CABRFRT" failures="0" tests="1" name="com.selenium.locators.Locators" time="18.331" errors="0" timestamp="30 Jun 2024 18:58:28 GMT" skipped="0">
  <testcase classname="com.selenium.locators.Locators" name="testyogi" time="18.331"/>
</testsuite> <!-- com.selenium.locators.Locators -->
